鬠ｿ2026-03-04 18:12:46 - Script iniciado
2026-03-04 18:12:46 - Aguardando inicializaﾃδｧﾃδ｣o do Windows...
2026-03-04 18:13:16 - Iniciando Flask...
2026-03-04 18:13:17 - Flask iniciado com sucesso (PID: )
2026-03-04 18:13:17 - Script concluﾃδｭdo
2026-03-04 18:13:52 - Script iniciado
2026-03-04 18:13:52 - Aguardando inicializaﾃδｧﾃδ｣o do Windows...
2026-03-04 18:14:22 - Iniciando Flask...
2026-03-04 18:14:22 - Flask iniciado com sucesso (PID: 4836)
2026-03-04 18:14:22 - Script concluﾃδｭdo
2026-04-29 16:12:28 - Script iniciado
2026-04-29 16:12:28 - Aguardando inicializaﾃδｧﾃδ｣o do Windows...
2026-04-29 16:12:58 - Iniciando Flask...
2026-04-29 16:12:58 - Flask iniciado com sucesso (PID: 5036)
2026-04-29 16:12:58 - Script concluﾃδｭdo
2026-05-06 08:38:33 - Script iniciado
2026-05-06 08:38:33 - Aguardando inicializaﾃδｧﾃδ｣o do Windows...
2026-05-06 08:39:03 - Iniciando Flask...
2026-05-06 08:39:03 - Flask iniciado com sucesso (PID: 27016)
2026-05-06 08:39:03 - Script concluﾃδｭdo
