[2026-03-03 08:06:15] --- Teste de restart scheduler ---
[2026-03-03 08:06:15]   [1] Matando processos Python...
[2026-03-03 08:06:50] ===============================================
[2026-03-03 08:06:50] TESTE DE RESTART COMPLETO
[2026-03-03 08:06:50] ===============================================
[2026-03-03 08:06:50] >>> Iniciando reinicialização completa do Flask...
[2026-03-03 08:06:50]   [1] Matando processos Python...
[2026-03-03 17:50:41] ============================================================
[2026-03-03 17:50:41] === RESTART SCHEDULER INICIADO ===
[2026-03-03 17:50:41] Intervalo de restart: 3 horas (10800s)
[2026-03-03 17:50:42] ============================================================
[2026-03-03 17:50:42] 
[Ciclo 1] Aguardando 3.0h para próximo restart...
[2026-03-05 09:49:20] ============================================================
[2026-03-05 09:49:20] >>> TESTE DE RESTART AGORA <<<
[2026-03-05 09:49:20] ============================================================
[2026-03-05 09:49:20]   [1] Matando processos Python...
[2026-03-05 09:51:18] ======================================================================
[2026-03-05 09:51:18] >>> TESTE COMPLETO DE RESTART COM RECUPERAÇÃO <<<
[2026-03-05 09:51:18] ======================================================================
[2026-03-05 09:51:18]   [1] Matando processos Python...
